Using pre-set license
Built from '2020.3/staging' branch; Version is '2020.3.24f1 (79c78de19888) revision 7980941'; Using compiler version '192528614'; Build Type 'Release'
OS: 'Windows 10  (10.0.19042) 64bit CoreSingleLanguage' Language: 'en' Physical Memory: 12140 MB
BatchMode: 1, IsHumanControllingUs: 0, StartBugReporterOnCrash: 0, Is64bit: 1, IsPro: 0

COMMAND LINE ARGUMENTS:
C:\Program Files\Unity\Hub\Editor\2020.3.24f1\Editor\Unity.exe
-adb2
-batchMode
-noUpm
-name
AssetImportWorker0
-projectPath
D:/ProjectGame/PixelAdventure
-logFile
Logs/AssetImportWorker0.log
-srvPort
61422
Successfully changed project path to: D:/ProjectGame/PixelAdventure
D:/ProjectGame/PixelAdventure
Using Asset Import Pipeline V2.
Refreshing native plugins compatible for Editor in 72.48 ms, found 3 plugins.
Preloading 0 native plugins for Editor in 0.00 ms.
Initialize engine version: 2020.3.24f1 (79c78de19888)
[Subsystems] Discovering subsystems at path C:/Program Files/Unity/Hub/Editor/2020.3.24f1/Editor/Data/Resources/UnitySubsystems
[Subsystems] Discovering subsystems at path D:/ProjectGame/PixelAdventure/Assets
GfxDevice: creating device client; threaded=0
Direct3D:
    Version:  Direct3D 11.0 [level 11.1]
    Renderer: NVIDIA GeForce MX250 (ID=0x1d13)
    Vendor:   
    VRAM:     1983 MB
    Driver:   30.0.14.7111
Initialize mono
Mono path[0] = 'C:/Program Files/Unity/Hub/Editor/2020.3.24f1/Editor/Data/Managed'
Mono path[1] = 'C:/Program Files/Unity/Hub/Editor/2020.3.24f1/Editor/Data/MonoBleedingEdge/lib/mono/unityjit'
Mono config path = 'C:/Program Files/Unity/Hub/Editor/2020.3.24f1/Editor/Data/MonoBleedingEdge/etc'
Using monoOptions --debugger-agent=transport=dt_socket,embedding=1,server=y,suspend=n,address=127.0.0.1:56872
Begin MonoManager ReloadAssembly
Registering precompiled unity dll's ...
Register platform support module: C:/Program Files/Unity/Hub/Editor/2020.3.24f1/Editor/Data/PlaybackEngines/WindowsStandaloneSupport/UnityEditor.WindowsStandalone.Extensions.dll
Registered in 0.001484 seconds.
Native extension for WindowsStandalone target not found
Refreshing native plugins compatible for Editor in 74.18 ms, found 3 plugins.
Preloading 0 native plugins for Editor in 0.00 ms.
Mono: successfully reloaded assembly
- Completed reload, in  0.650 seconds
Domain Reload Profiling:
	ReloadAssembly (650ms)
		BeginReloadAssembly (60ms)
			ExecutionOrderSort (0ms)
			DisableScriptedObjects (0ms)
			BackupInstance (0ms)
			ReleaseScriptingObjects (0ms)
			CreateAndSetChildDomain (1ms)
		EndReloadAssembly (515ms)
			LoadAssemblies (58ms)
			RebuildTransferFunctionScriptingTraits (0ms)
			SetupTypeCache (168ms)
			ReleaseScriptCaches (0ms)
			RebuildScriptCaches (34ms)
			SetupLoadedEditorAssemblies (209ms)
				LogAssemblyErrors (0ms)
				InitializePlatformSupportModulesInManaged (4ms)
				SetLoadedEditorAssemblies (0ms)
				RefreshPlugins (74ms)
				BeforeProcessingInitializeOnLoad (11ms)
				ProcessInitializeOnLoadAttributes (84ms)
				ProcessInitializeOnLoadMethodAttributes (34ms)
				AfterProcessingInitializeOnLoad (0ms)
				EditorAssembliesLoaded (0ms)
			ExecutionOrderSort2 (0ms)
			AwakeInstancesAfterBackupRestoration (0ms)
Platform modules already initialized, skipping
Registering precompiled user dll's ...
Registered in 0.004586 seconds.
Begin MonoManager ReloadAssembly
Native extension for WindowsStandalone target not found
Refreshing native plugins compatible for Editor in 71.83 ms, found 3 plugins.
Preloading 0 native plugins for Editor in 0.00 ms.
Mono: successfully reloaded assembly
- Completed reload, in  1.242 seconds
Domain Reload Profiling:
	ReloadAssembly (1243ms)
		BeginReloadAssembly (159ms)
			ExecutionOrderSort (0ms)
			DisableScriptedObjects (5ms)
			BackupInstance (0ms)
			ReleaseScriptingObjects (0ms)
			CreateAndSetChildDomain (19ms)
		EndReloadAssembly (1023ms)
			LoadAssemblies (102ms)
			RebuildTransferFunctionScriptingTraits (0ms)
			SetupTypeCache (349ms)
			ReleaseScriptCaches (1ms)
			RebuildScriptCaches (58ms)
			SetupLoadedEditorAssemblies (392ms)
				LogAssemblyErrors (0ms)
				InitializePlatformSupportModulesInManaged (3ms)
				SetLoadedEditorAssemblies (1ms)
				RefreshPlugins (72ms)
				BeforeProcessingInitializeOnLoad (88ms)
				ProcessInitializeOnLoadAttributes (204ms)
				ProcessInitializeOnLoadMethodAttributes (19ms)
				AfterProcessingInitializeOnLoad (4ms)
				EditorAssembliesLoaded (0ms)
			ExecutionOrderSort2 (0ms)
			AwakeInstancesAfterBackupRestoration (6ms)
Platform modules already initialized, skipping
========================================================================
Worker process is ready to serve import requests
Launched and connected shader compiler UnityShaderCompiler.exe after 0.06 seconds
Refreshing native plugins compatible for Editor in 0.80 ms, found 3 plugins.
Preloading 0 native plugins for Editor in 0.00 ms.
Unloading 3354 Unused Serialized files (Serialized files now loaded: 0)
System memory in use before: 144.1 MB.
System memory in use after: 144.3 MB.

Unloading 29 unused Assets to reduce memory usage. Loaded Objects now: 3788.
Total: 4.294900 ms (FindLiveObjects: 0.421600 ms CreateObjectMapping: 0.182700 ms MarkObjects: 3.569400 ms  DeleteObjects: 0.119700 ms)

AssetImportParameters requested are different than current active one (requested -> active):
  custom:framework-win-MediaFoundation: 216162199b28c13a410421893ffa2e32 -> 
  custom:video-decoder-ogg-theora: a1e56fd34408186e4bbccfd4996cb3dc -> 
  custom:container-muxer-webm: aa71ff27fc2769a1b78a27578f13a17b -> 
  custom:container-demuxer-webm: 4f35f7cbe854078d1ac9338744f61a02 -> 
  custom:container-demuxer-ogg: 62fdf1f143b41e24485cea50d1cbac27 -> 
  custom:video-encoder-webm-vp8: eb34c28f22e8b96e1ab97ce403110664 -> 
  custom:video-decoder-webm-vp8: 9c59270c3fd7afecdb556c50c9e8de78 -> 
  custom:audio-decoder-ogg-vorbis: bf7c407c2cedff20999df2af8eb42d56 -> 
  custom:audio-encoder-webm-vorbis: bf7c407c2cedff20999df2af8eb42d56 -> 
========================================================================
Received Import Request.
  path: Assets/2D Forest Tileset Pack Toon Style/Day/Platform Blocks Day/platform center.png
  artifactKey: Guid(9be5ba129f842b140b10bf4e2310e434) Importer(815301076,1909f56bfc062723c751e8b465ee728b)
Start importing Assets/2D Forest Tileset Pack Toon Style/Day/Platform Blocks Day/platform center.png using Guid(9be5ba129f842b140b10bf4e2310e434) Importer(815301076,1909f56bfc062723c751e8b465ee728b)  -> (artifact id: '35b94f2fb56109d19a516bbc90b4c69b') in 0.101938 seconds 
  Import took 0.107926 seconds .

========================================================================
Received Import Request.
  Time since last request: 0.000282 seconds.
  path: Assets/2D Forest Tileset Pack Toon Style/Day/Platform Blocks Day/center_grass.png
  artifactKey: Guid(5fc359dff544f5f4290ba25bab9fc9dd) Importer(815301076,1909f56bfc062723c751e8b465ee728b)
Start importing Assets/2D Forest Tileset Pack Toon Style/Day/Platform Blocks Day/center_grass.png using Guid(5fc359dff544f5f4290ba25bab9fc9dd) Importer(815301076,1909f56bfc062723c751e8b465ee728b)  -> (artifact id: '9cbf3be2daaf3ec33c3731079499b08e') in 0.042354 seconds 
  Import took 0.048419 seconds .

========================================================================
Received Import Request.
  Time since last request: 0.000210 seconds.
  path: Assets/2D Forest Tileset Pack Toon Style/Day/Platform Blocks Day/platform right grass.png
  artifactKey: Guid(a3204140dde5bc54e9b3071b858bb2d0) Importer(815301076,1909f56bfc062723c751e8b465ee728b)
Start importing Assets/2D Forest Tileset Pack Toon Style/Day/Platform Blocks Day/platform right grass.png using Guid(a3204140dde5bc54e9b3071b858bb2d0) Importer(815301076,1909f56bfc062723c751e8b465ee728b)  -> (artifact id: 'fad398fc6748ba432537b7fb35d4bb5e') in 0.032992 seconds 
  Import took 0.041216 seconds .

========================================================================
Received Import Request.
  Time since last request: 0.000204 seconds.
  path: Assets/2D Forest Tileset Pack Toon Style/Day/Platform Blocks Day/platform left.png
  artifactKey: Guid(13870890b382d334ebe42f6140aa1dfc) Importer(815301076,1909f56bfc062723c751e8b465ee728b)
Start importing Assets/2D Forest Tileset Pack Toon Style/Day/Platform Blocks Day/platform left.png using Guid(13870890b382d334ebe42f6140aa1dfc) Importer(815301076,1909f56bfc062723c751e8b465ee728b)  -> (artifact id: 'b4b7d8a44d51d5351bc056e36b6a8310') in 0.028487 seconds 
  Import took 0.036527 seconds .

========================================================================
Received Import Request.
  Time since last request: 0.000264 seconds.
  path: Assets/2D Forest Tileset Pack Toon Style/Day/Platform Blocks Day/center right.png
  artifactKey: Guid(b83abd2c9e60c044e9d70ca7d6d45923) Importer(815301076,1909f56bfc062723c751e8b465ee728b)
Start importing Assets/2D Forest Tileset Pack Toon Style/Day/Platform Blocks Day/center right.png using Guid(b83abd2c9e60c044e9d70ca7d6d45923) Importer(815301076,1909f56bfc062723c751e8b465ee728b)  -> (artifact id: '6c50099b49736b70270c3af6b43b854d') in 0.031339 seconds 
  Import took 0.040293 seconds .

========================================================================
Received Import Request.
  Time since last request: 0.000173 seconds.
  path: Assets/2D Forest Tileset Pack Toon Style/Day/Platform Blocks Day/right_grass.png
  artifactKey: Guid(70dea7fddd83c0d4f9beb5fcaea4ee23) Importer(815301076,1909f56bfc062723c751e8b465ee728b)
Start importing Assets/2D Forest Tileset Pack Toon Style/Day/Platform Blocks Day/right_grass.png using Guid(70dea7fddd83c0d4f9beb5fcaea4ee23) Importer(815301076,1909f56bfc062723c751e8b465ee728b)  -> (artifact id: '0fa2ed684d3416b189ada5b641d3ed8c') in 0.031738 seconds 
  Import took 0.042335 seconds .

========================================================================
Received Import Request.
  Time since last request: 0.000200 seconds.
  path: Assets/2D Forest Tileset Pack Toon Style/Day/Platform Blocks Day/center.png
  artifactKey: Guid(9df296fbda69cf4408ba1d513ea7d7d1) Importer(815301076,1909f56bfc062723c751e8b465ee728b)
Start importing Assets/2D Forest Tileset Pack Toon Style/Day/Platform Blocks Day/center.png using Guid(9df296fbda69cf4408ba1d513ea7d7d1) Importer(815301076,1909f56bfc062723c751e8b465ee728b)  -> (artifact id: 'e25a56b0302c74e6d43318f88c1e382e') in 0.042439 seconds 
  Import took 0.052457 seconds .

========================================================================
Received Import Request.
  Time since last request: 0.000184 seconds.
  path: Assets/2D Forest Tileset Pack Toon Style/Day/Platform Blocks Day/left_grass.png
  artifactKey: Guid(ddc0b9e93b14e324ea9d92c078b54292) Importer(815301076,1909f56bfc062723c751e8b465ee728b)
Start importing Assets/2D Forest Tileset Pack Toon Style/Day/Platform Blocks Day/left_grass.png using Guid(ddc0b9e93b14e324ea9d92c078b54292) Importer(815301076,1909f56bfc062723c751e8b465ee728b)  -> (artifact id: '2a7cf4b6e6dbbd1af0ff1c537438cfde') in 0.030266 seconds 
  Import took 0.041249 seconds .

========================================================================
Received Import Request.
  Time since last request: 0.000520 seconds.
  path: Assets/2D Forest Tileset Pack Toon Style/Day/Platform Blocks Day/center left.png
  artifactKey: Guid(602b79f0b6f1e254ebab0c7f24aee2f6) Importer(815301076,1909f56bfc062723c751e8b465ee728b)
Start importing Assets/2D Forest Tileset Pack Toon Style/Day/Platform Blocks Day/center left.png using Guid(602b79f0b6f1e254ebab0c7f24aee2f6) Importer(815301076,1909f56bfc062723c751e8b465ee728b)  -> (artifact id: '7b5fce59c058faf81a818caed5d281b9') in 0.028226 seconds 
  Import took 0.037498 seconds .

========================================================================
Received Import Request.
  Time since last request: 0.000198 seconds.
  path: Assets/2D Forest Tileset Pack Toon Style/Day/Platform Blocks Day/platform left grass.png
  artifactKey: Guid(a8429bb11bf44964687e221c17bfbc28) Importer(815301076,1909f56bfc062723c751e8b465ee728b)
Start importing Assets/2D Forest Tileset Pack Toon Style/Day/Platform Blocks Day/platform left grass.png using Guid(a8429bb11bf44964687e221c17bfbc28) Importer(815301076,1909f56bfc062723c751e8b465ee728b)  -> (artifact id: 'ed938b19fd3a6466aa9acf821a93502b') in 0.031436 seconds 
  Import took 0.038700 seconds .

========================================================================
Received Import Request.
  Time since last request: 0.000193 seconds.
  path: Assets/2D Forest Tileset Pack Toon Style/Day/Platform Blocks Day/left corner .png
  artifactKey: Guid(a872fa2742e16f84da770781b58c9801) Importer(815301076,1909f56bfc062723c751e8b465ee728b)
Start importing Assets/2D Forest Tileset Pack Toon Style/Day/Platform Blocks Day/left corner .png using Guid(a872fa2742e16f84da770781b58c9801) Importer(815301076,1909f56bfc062723c751e8b465ee728b)  -> (artifact id: 'f67a6d9887735b3b3c820d11a1d747f4') in 0.030917 seconds 
  Import took 0.036986 seconds .

========================================================================
Received Import Request.
  Time since last request: 0.000228 seconds.
  path: Assets/2D Forest Tileset Pack Toon Style/Day/Platform Blocks Day/right corner  .png
  artifactKey: Guid(b95ec376682d48b43a186e2e0d8c8906) Importer(815301076,1909f56bfc062723c751e8b465ee728b)
Start importing Assets/2D Forest Tileset Pack Toon Style/Day/Platform Blocks Day/right corner  .png using Guid(b95ec376682d48b43a186e2e0d8c8906) Importer(815301076,1909f56bfc062723c751e8b465ee728b)  -> (artifact id: '6238403b5e34ae032691b31a459d2ca0') in 0.028481 seconds 
  Import took 0.035604 seconds .

========================================================================
Received Import Request.
  Time since last request: 0.000178 seconds.
  path: Assets/2D Forest Tileset Pack Toon Style/Day/Platform Blocks Day/down.png
  artifactKey: Guid(1395e2223e37bc048831fb3969e8a923) Importer(815301076,1909f56bfc062723c751e8b465ee728b)
Start importing Assets/2D Forest Tileset Pack Toon Style/Day/Platform Blocks Day/down.png using Guid(1395e2223e37bc048831fb3969e8a923) Importer(815301076,1909f56bfc062723c751e8b465ee728b)  -> (artifact id: '03e0fc2ad02dc74bba16d81bb31528de') in 0.030800 seconds 
  Import took 0.037070 seconds .

========================================================================
Received Import Request.
  Time since last request: 0.000167 seconds.
  path: Assets/2D Forest Tileset Pack Toon Style/Day/Platform Blocks Day/platform center grass.png
  artifactKey: Guid(5f1c03fcc590c1f4a96215594fee3366) Importer(815301076,1909f56bfc062723c751e8b465ee728b)
Start importing Assets/2D Forest Tileset Pack Toon Style/Day/Platform Blocks Day/platform center grass.png using Guid(5f1c03fcc590c1f4a96215594fee3366) Importer(815301076,1909f56bfc062723c751e8b465ee728b)  -> (artifact id: '97636eb4b0e7afa831b4a19ee94a7110') in 0.029210 seconds 
  Import took 0.034886 seconds .

========================================================================
Received Import Request.
  Time since last request: 0.000170 seconds.
  path: Assets/2D Forest Tileset Pack Toon Style/Day/Platform Blocks Day/platform right.png
  artifactKey: Guid(0b0bb1540f69b2c489219c4dfbb6af50) Importer(815301076,1909f56bfc062723c751e8b465ee728b)
Start importing Assets/2D Forest Tileset Pack Toon Style/Day/Platform Blocks Day/platform right.png using Guid(0b0bb1540f69b2c489219c4dfbb6af50) Importer(815301076,1909f56bfc062723c751e8b465ee728b)  -> (artifact id: '0d7d94feeaf51d2b152aebec478dc7f8') in 0.026815 seconds 
  Import took 0.032937 seconds .

========================================================================
Received Import Request.
  Time since last request: 5.620358 seconds.
  path: Assets/2D Forest Tileset Pack Toon Style/Day/Platform Plants Day/big plant 1.png
  artifactKey: Guid(817be901a1b5cc04dab57adf11a602bf) Importer(815301076,1909f56bfc062723c751e8b465ee728b)
Start importing Assets/2D Forest Tileset Pack Toon Style/Day/Platform Plants Day/big plant 1.png using Guid(817be901a1b5cc04dab57adf11a602bf) Importer(815301076,1909f56bfc062723c751e8b465ee728b)  -> (artifact id: '537e707b71cd2d35fdd39ee533ea896a') in 0.020046 seconds 
  Import took 0.026630 seconds .

========================================================================
Received Import Request.
  Time since last request: 0.000213 seconds.
  path: Assets/2D Forest Tileset Pack Toon Style/Day/Platform Plants Day/tree 1.png
  artifactKey: Guid(807fd139978ed624283613046a4f0cc9) Importer(815301076,1909f56bfc062723c751e8b465ee728b)
Start importing Assets/2D Forest Tileset Pack Toon Style/Day/Platform Plants Day/tree 1.png using Guid(807fd139978ed624283613046a4f0cc9) Importer(815301076,1909f56bfc062723c751e8b465ee728b)  -> (artifact id: '59b30ca232af496f0aaba670fde12994') in 0.038831 seconds 
  Import took 0.045456 seconds .

========================================================================
Received Import Request.
  Time since last request: 0.000360 seconds.
  path: Assets/2D Forest Tileset Pack Toon Style/Day/Platform Plants Day/big plant 2.png
  artifactKey: Guid(7a94e9d9fc6bc03469e6cfcde5ad9d50) Importer(815301076,1909f56bfc062723c751e8b465ee728b)
Start importing Assets/2D Forest Tileset Pack Toon Style/Day/Platform Plants Day/big plant 2.png using Guid(7a94e9d9fc6bc03469e6cfcde5ad9d50) Importer(815301076,1909f56bfc062723c751e8b465ee728b)  -> (artifact id: 'a49720d571442084c0c1979afd596b46') in 0.032505 seconds 
  Import took 0.039655 seconds .

========================================================================
Received Import Request.
  Time since last request: 0.000209 seconds.
  path: Assets/2D Forest Tileset Pack Toon Style/Day/Platform Plants Day/big plant 3.png
  artifactKey: Guid(6ceaf34368dd62d42bf4b53923b265f6) Importer(815301076,1909f56bfc062723c751e8b465ee728b)
Start importing Assets/2D Forest Tileset Pack Toon Style/Day/Platform Plants Day/big plant 3.png using Guid(6ceaf34368dd62d42bf4b53923b265f6) Importer(815301076,1909f56bfc062723c751e8b465ee728b)  -> (artifact id: '680f80f3c3cff9b194af35e6070bdedb') in 0.029552 seconds 
  Import took 0.035491 seconds .

========================================================================
Received Import Request.
  Time since last request: 0.000172 seconds.
  path: Assets/2D Forest Tileset Pack Toon Style/Day/Platform Plants Day/tree 2.png
  artifactKey: Guid(2840f8402e7821947a4cca07cc3b8f08) Importer(815301076,1909f56bfc062723c751e8b465ee728b)
Start importing Assets/2D Forest Tileset Pack Toon Style/Day/Platform Plants Day/tree 2.png using Guid(2840f8402e7821947a4cca07cc3b8f08) Importer(815301076,1909f56bfc062723c751e8b465ee728b)  -> (artifact id: '974c040c680ef497bbfb38134b4da1ed') in 0.035687 seconds 
  Import took 0.042764 seconds .

========================================================================
Received Import Request.
  Time since last request: 0.000171 seconds.
  path: Assets/2D Forest Tileset Pack Toon Style/Day/Platform Plants Day/small plant 2.png
  artifactKey: Guid(f3aba3dd4dac89642b0b308c6838c5d1) Importer(815301076,1909f56bfc062723c751e8b465ee728b)
Start importing Assets/2D Forest Tileset Pack Toon Style/Day/Platform Plants Day/small plant 2.png using Guid(f3aba3dd4dac89642b0b308c6838c5d1) Importer(815301076,1909f56bfc062723c751e8b465ee728b)  -> (artifact id: 'b77c32aad7d745da8e971b268bf89534') in 0.030180 seconds 
  Import took 0.036459 seconds .

========================================================================
Received Import Request.
  Time since last request: 0.000164 seconds.
  path: Assets/2D Forest Tileset Pack Toon Style/Day/Platform Plants Day/small plant 4.png
  artifactKey: Guid(f4daca15a571784489b53ee7643eb36f) Importer(815301076,1909f56bfc062723c751e8b465ee728b)
Start importing Assets/2D Forest Tileset Pack Toon Style/Day/Platform Plants Day/small plant 4.png using Guid(f4daca15a571784489b53ee7643eb36f) Importer(815301076,1909f56bfc062723c751e8b465ee728b)  -> (artifact id: '8307f4b8f5598f89a70c3c3819051528') in 0.026505 seconds 
  Import took 0.032360 seconds .

========================================================================
Received Import Request.
  Time since last request: 0.000175 seconds.
  path: Assets/2D Forest Tileset Pack Toon Style/Day/Platform Plants Day/big plant 5.png
  artifactKey: Guid(8a6de0444fef70a419599a4f8cb167c0) Importer(815301076,1909f56bfc062723c751e8b465ee728b)
Start importing Assets/2D Forest Tileset Pack Toon Style/Day/Platform Plants Day/big plant 5.png using Guid(8a6de0444fef70a419599a4f8cb167c0) Importer(815301076,1909f56bfc062723c751e8b465ee728b)  -> (artifact id: '7325c02adecc70df488fd0ea3a117dee') in 0.025197 seconds 
  Import took 0.031504 seconds .

========================================================================
Received Import Request.
  Time since last request: 0.000181 seconds.
  path: Assets/2D Forest Tileset Pack Toon Style/Day/Platform Plants Day/small plant 3.png
  artifactKey: Guid(2a9de0fe2f01cd04683dcfa0a04408c4) Importer(815301076,1909f56bfc062723c751e8b465ee728b)
Start importing Assets/2D Forest Tileset Pack Toon Style/Day/Platform Plants Day/small plant 3.png using Guid(2a9de0fe2f01cd04683dcfa0a04408c4) Importer(815301076,1909f56bfc062723c751e8b465ee728b)  -> (artifact id: 'd89584bea12f8d5ed6f2c75851867a19') in 0.032291 seconds 
  Import took 0.037987 seconds .

========================================================================
Received Import Request.
  Time since last request: 0.000172 seconds.
  path: Assets/2D Forest Tileset Pack Toon Style/Day/Platform Plants Day/big plant 4.png
  artifactKey: Guid(0b7afb1a6ce735c4caa48dea95fc2f84) Importer(815301076,1909f56bfc062723c751e8b465ee728b)
Start importing Assets/2D Forest Tileset Pack Toon Style/Day/Platform Plants Day/big plant 4.png using Guid(0b7afb1a6ce735c4caa48dea95fc2f84) Importer(815301076,1909f56bfc062723c751e8b465ee728b)  -> (artifact id: '9f6c6bb9f2693e6e7f53cc96f08a27c5') in 0.030195 seconds 
  Import took 0.035839 seconds .

========================================================================
Received Import Request.
  Time since last request: 0.000181 seconds.
  path: Assets/2D Forest Tileset Pack Toon Style/Day/Platform Plants Day/grass1.png
  artifactKey: Guid(a8943276fa49c834780415f6d73760b1) Importer(815301076,1909f56bfc062723c751e8b465ee728b)
Start importing Assets/2D Forest Tileset Pack Toon Style/Day/Platform Plants Day/grass1.png using Guid(a8943276fa49c834780415f6d73760b1) Importer(815301076,1909f56bfc062723c751e8b465ee728b)  -> (artifact id: '4a5c0fd032e6c44495a6155d40ea1190') in 0.028933 seconds 
  Import took 0.035284 seconds .

========================================================================
Received Import Request.
  Time since last request: 0.000210 seconds.
  path: Assets/2D Forest Tileset Pack Toon Style/Day/Platform Plants Day/small plant 5.png
  artifactKey: Guid(3c7d48fdf29dee94585151ac0a3aa8bf) Importer(815301076,1909f56bfc062723c751e8b465ee728b)
Start importing Assets/2D Forest Tileset Pack Toon Style/Day/Platform Plants Day/small plant 5.png using Guid(3c7d48fdf29dee94585151ac0a3aa8bf) Importer(815301076,1909f56bfc062723c751e8b465ee728b)  -> (artifact id: '186bdb9430cc96a40dade9021202b27d') in 0.029871 seconds 
  Import took 0.038005 seconds .

========================================================================
Received Import Request.
  Time since last request: 2.475510 seconds.
  path: Assets/2D Forest Tileset Pack Toon Style/Day/Prefabs
  artifactKey: Guid(1b5cd98e04545d84db6e30933880c753) Importer(815301076,1909f56bfc062723c751e8b465ee728b)
Start importing Assets/2D Forest Tileset Pack Toon Style/Day/Prefabs using Guid(1b5cd98e04545d84db6e30933880c753) Importer(815301076,1909f56bfc062723c751e8b465ee728b)  -> (artifact id: '8784748043c0e986355a862403179b4c') in 0.009381 seconds 
  Import took 0.015947 seconds .

========================================================================
Received Import Request.
  Time since last request: 0.063208 seconds.
  path: Assets/2D Forest Tileset Pack Toon Style/Day/Prefabs/Blocks Large 1.prefab
  artifactKey: Guid(25f52e9077efd7d4c90fe92bac7e6820) Importer(815301076,1909f56bfc062723c751e8b465ee728b)
Start importing Assets/2D Forest Tileset Pack Toon Style/Day/Prefabs/Blocks Large 1.prefab using Guid(25f52e9077efd7d4c90fe92bac7e6820) Importer(815301076,1909f56bfc062723c751e8b465ee728b)  -> (artifact id: '0e3176a1a8d4404b69550a720aafc804') in 0.180516 seconds 
  Import took 0.190878 seconds .

========================================================================
Received Import Request.
  Time since last request: 0.000250 seconds.
  path: Assets/2D Forest Tileset Pack Toon Style/Day/Prefabs/Ground Close.prefab
  artifactKey: Guid(776842022f52c304d9f099e7fd27913e) Importer(815301076,1909f56bfc062723c751e8b465ee728b)
Start importing Assets/2D Forest Tileset Pack Toon Style/Day/Prefabs/Ground Close.prefab using Guid(776842022f52c304d9f099e7fd27913e) Importer(815301076,1909f56bfc062723c751e8b465ee728b)  -> (artifact id: 'f1b2b3fd25eaa52919b44bacb81c3f1d') in 0.025221 seconds 
  Import took 0.032976 seconds .

========================================================================
Received Import Request.
  Time since last request: 0.000215 seconds.
  path: Assets/2D Forest Tileset Pack Toon Style/Day/Prefabs/Hills CLose.prefab
  artifactKey: Guid(96007914994b8514b87c835104b855e1) Importer(815301076,1909f56bfc062723c751e8b465ee728b)
Start importing Assets/2D Forest Tileset Pack Toon Style/Day/Prefabs/Hills CLose.prefab using Guid(96007914994b8514b87c835104b855e1) Importer(815301076,1909f56bfc062723c751e8b465ee728b)  -> (artifact id: 'a20380c11964d41147951e8c8031b0c3') in 0.026407 seconds 
  Import took 0.032962 seconds .

========================================================================
Received Import Request.
  Time since last request: 0.000200 seconds.
  path: Assets/2D Forest Tileset Pack Toon Style/Day/Prefabs/Clouds 1.prefab
  artifactKey: Guid(9762f7ea17ffeed4f89e6a321f218772) Importer(815301076,1909f56bfc062723c751e8b465ee728b)
Start importing Assets/2D Forest Tileset Pack Toon Style/Day/Prefabs/Clouds 1.prefab using Guid(9762f7ea17ffeed4f89e6a321f218772) Importer(815301076,1909f56bfc062723c751e8b465ee728b)  -> (artifact id: 'b7aeb904326aa120b69dbec5838f2f21') in 0.027359 seconds 
  Import took 0.036024 seconds .

========================================================================
Received Import Request.
  Time since last request: 0.000206 seconds.
  path: Assets/2D Forest Tileset Pack Toon Style/Day/Prefabs/Clouds 3.prefab
  artifactKey: Guid(7100b3187e9c30846923faf39c1c3900) Importer(815301076,1909f56bfc062723c751e8b465ee728b)
Start importing Assets/2D Forest Tileset Pack Toon Style/Day/Prefabs/Clouds 3.prefab using Guid(7100b3187e9c30846923faf39c1c3900) Importer(815301076,1909f56bfc062723c751e8b465ee728b)  -> (artifact id: '51dd1ca542192cd8ff6f61870936bde2') in 0.021357 seconds 
  Import took 0.027618 seconds .

========================================================================
Received Import Request.
  Time since last request: 0.000221 seconds.
  path: Assets/2D Forest Tileset Pack Toon Style/Day/Prefabs/Hills Middle.prefab
  artifactKey: Guid(136fdb954a6f185469de730b8f15b46b) Importer(815301076,1909f56bfc062723c751e8b465ee728b)
Start importing Assets/2D Forest Tileset Pack Toon Style/Day/Prefabs/Hills Middle.prefab using Guid(136fdb954a6f185469de730b8f15b46b) Importer(815301076,1909f56bfc062723c751e8b465ee728b)  -> (artifact id: '9ed100149f768f005a982e92030b693c') in 0.023434 seconds 
  Import took 0.032233 seconds .

========================================================================
Received Import Request.
  Time since last request: 0.000194 seconds.
  path: Assets/2D Forest Tileset Pack Toon Style/Day/Prefabs/Clouds 2.prefab
  artifactKey: Guid(4358a191dd805314ba07fdcae4aacb5e) Importer(815301076,1909f56bfc062723c751e8b465ee728b)
Start importing Assets/2D Forest Tileset Pack Toon Style/Day/Prefabs/Clouds 2.prefab using Guid(4358a191dd805314ba07fdcae4aacb5e) Importer(815301076,1909f56bfc062723c751e8b465ee728b)  -> (artifact id: '55643388c0b92c56081cb4283d6552ab') in 0.023660 seconds 
  Import took 0.031280 seconds .

========================================================================
Received Import Request.
  Time since last request: 0.000195 seconds.
  path: Assets/2D Forest Tileset Pack Toon Style/Day/Prefabs/Hills Far.prefab
  artifactKey: Guid(8f5990b0aeb2c5d43ab018031684aba7) Importer(815301076,1909f56bfc062723c751e8b465ee728b)
Start importing Assets/2D Forest Tileset Pack Toon Style/Day/Prefabs/Hills Far.prefab using Guid(8f5990b0aeb2c5d43ab018031684aba7) Importer(815301076,1909f56bfc062723c751e8b465ee728b)  -> (artifact id: '67f8f1b90cc5d45befe2d973ce4847d1') in 0.022916 seconds 
  Import took 0.029549 seconds .

========================================================================
Received Import Request.
  Time since last request: 0.000217 seconds.
  path: Assets/2D Forest Tileset Pack Toon Style/Day/Prefabs/Blocks Small 1.prefab
  artifactKey: Guid(259ef83e5245a62418a1e8f725a531eb) Importer(815301076,1909f56bfc062723c751e8b465ee728b)
Start importing Assets/2D Forest Tileset Pack Toon Style/Day/Prefabs/Blocks Small 1.prefab using Guid(259ef83e5245a62418a1e8f725a531eb) Importer(815301076,1909f56bfc062723c751e8b465ee728b)  -> (artifact id: '43394e39f5c3fa2df0dd03bebdebfe29') in 0.036195 seconds 
  Import took 0.042436 seconds .

========================================================================
Received Import Request.
  Time since last request: 0.000358 seconds.
  path: Assets/2D Forest Tileset Pack Toon Style/Day/Prefabs/Ground Far.prefab
  artifactKey: Guid(d1f165d4ec325854293f5955ec5c2add) Importer(815301076,1909f56bfc062723c751e8b465ee728b)
Start importing Assets/2D Forest Tileset Pack Toon Style/Day/Prefabs/Ground Far.prefab using Guid(d1f165d4ec325854293f5955ec5c2add) Importer(815301076,1909f56bfc062723c751e8b465ee728b)  -> (artifact id: '514f42765c9d0513fed22b6b009a573f') in 0.022089 seconds 
  Import took 0.029546 seconds .

========================================================================
Received Import Request.
  Time since last request: 0.000174 seconds.
  path: Assets/2D Forest Tileset Pack Toon Style/Day/Prefabs/PLatform 1.prefab
  artifactKey: Guid(e63bf725018eee447ac5fbd9d66e4781) Importer(815301076,1909f56bfc062723c751e8b465ee728b)
Start importing Assets/2D Forest Tileset Pack Toon Style/Day/Prefabs/PLatform 1.prefab using Guid(e63bf725018eee447ac5fbd9d66e4781) Importer(815301076,1909f56bfc062723c751e8b465ee728b)  -> (artifact id: '26ea50b10f983fb822e9f2e9b711af2d') in 0.024471 seconds 
  Import took 0.032706 seconds .

========================================================================
Received Import Request.
  Time since last request: 0.000200 seconds.
  path: Assets/2D Forest Tileset Pack Toon Style/Day/Prefabs/Ground Far 1.prefab
  artifactKey: Guid(2af0a6e720d564c4e830f487b00708c8) Importer(815301076,1909f56bfc062723c751e8b465ee728b)
Start importing Assets/2D Forest Tileset Pack Toon Style/Day/Prefabs/Ground Far 1.prefab using Guid(2af0a6e720d564c4e830f487b00708c8) Importer(815301076,1909f56bfc062723c751e8b465ee728b)  -> (artifact id: 'fff981cf454f98667cc468fdf62bf8f7') in 0.012798 seconds 
  Import took 0.022477 seconds .

========================================================================
Received Import Request.
  Time since last request: 0.000309 seconds.
  path: Assets/2D Forest Tileset Pack Toon Style/Day/Prefabs/Forest.prefab
  artifactKey: Guid(024606f896ece7c4290812c295930980) Importer(815301076,1909f56bfc062723c751e8b465ee728b)
Start importing Assets/2D Forest Tileset Pack Toon Style/Day/Prefabs/Forest.prefab using Guid(024606f896ece7c4290812c295930980) Importer(815301076,1909f56bfc062723c751e8b465ee728b)  -> (artifact id: '2b2d39ef89fc38df1a1be607b55e361a') in 0.036530 seconds 
  Import took 0.045611 seconds .

========================================================================
Received Import Request.
  Time since last request: 0.000168 seconds.
  path: Assets/2D Forest Tileset Pack Toon Style/Day/Prefabs/PLatform 2.prefab
  artifactKey: Guid(de2821ab3e02d8d4581afd94a652243e) Importer(815301076,1909f56bfc062723c751e8b465ee728b)
Start importing Assets/2D Forest Tileset Pack Toon Style/Day/Prefabs/PLatform 2.prefab using Guid(de2821ab3e02d8d4581afd94a652243e) Importer(815301076,1909f56bfc062723c751e8b465ee728b)  -> (artifact id: '471bb9b8f12ce235136a532b4e2590a2') in 0.028599 seconds 
  Import took 0.034683 seconds .

========================================================================
Received Import Request.
  Time since last request: 0.000462 seconds.
  path: Assets/2D Forest Tileset Pack Toon Style/Day/Prefabs/Mountains Far.prefab
  artifactKey: Guid(dc148a4ed425b6449b14cd7a8778dcf7) Importer(815301076,1909f56bfc062723c751e8b465ee728b)
Start importing Assets/2D Forest Tileset Pack Toon Style/Day/Prefabs/Mountains Far.prefab using Guid(dc148a4ed425b6449b14cd7a8778dcf7) Importer(815301076,1909f56bfc062723c751e8b465ee728b)  -> (artifact id: '5a4d16763d980ed9ade7ad82113415bd') in 0.024863 seconds 
  Import took 0.031054 seconds .

========================================================================
Received Import Request.
  Time since last request: 0.000160 seconds.
  path: Assets/2D Forest Tileset Pack Toon Style/Day/Prefabs/Mountains MIddle.prefab
  artifactKey: Guid(23152a7fbe758d44c8a0c77e1693f554) Importer(815301076,1909f56bfc062723c751e8b465ee728b)
Start importing Assets/2D Forest Tileset Pack Toon Style/Day/Prefabs/Mountains MIddle.prefab using Guid(23152a7fbe758d44c8a0c77e1693f554) Importer(815301076,1909f56bfc062723c751e8b465ee728b)  -> (artifact id: 'db3f253c0f2817e8f47672457808d550') in 0.022329 seconds 
  Import took 0.029446 seconds .

========================================================================
Received Import Request.
  Time since last request: 5.441599 seconds.
  path: Assets/2D Forest Tileset Pack Toon Style/Day/Background Day/Clouds Day_1.png
  artifactKey: Guid(f412c872af1fe354da52cdd679ef805e) Importer(815301076,1909f56bfc062723c751e8b465ee728b)
Start importing Assets/2D Forest Tileset Pack Toon Style/Day/Background Day/Clouds Day_1.png using Guid(f412c872af1fe354da52cdd679ef805e) Importer(815301076,1909f56bfc062723c751e8b465ee728b)  -> (artifact id: '740b0efb31c0e2732d7aaa6fc3b49e33') in 0.021437 seconds 
  Import took 0.028353 seconds .

========================================================================
Received Import Request.
  Time since last request: 0.000213 seconds.
  path: Assets/2D Forest Tileset Pack Toon Style/Day/Background Day/Trees far.png
  artifactKey: Guid(a2705303c0b30614ea9802ddfba2ebd0) Importer(815301076,1909f56bfc062723c751e8b465ee728b)
Start importing Assets/2D Forest Tileset Pack Toon Style/Day/Background Day/Trees far.png using Guid(a2705303c0b30614ea9802ddfba2ebd0) Importer(815301076,1909f56bfc062723c751e8b465ee728b)  -> (artifact id: '73cd85ed1ebebfc03ca744870fbe7bb2') in 0.028357 seconds 
  Import took 0.035977 seconds .

========================================================================
Received Import Request.
  Time since last request: 0.000320 seconds.
  path: Assets/2D Forest Tileset Pack Toon Style/Day/Background Day/Clouds Day_2.png
  artifactKey: Guid(0c04352bef71fd8439af7e08ecc997ba) Importer(815301076,1909f56bfc062723c751e8b465ee728b)
Start importing Assets/2D Forest Tileset Pack Toon Style/Day/Background Day/Clouds Day_2.png using Guid(0c04352bef71fd8439af7e08ecc997ba) Importer(815301076,1909f56bfc062723c751e8b465ee728b)  -> (artifact id: 'af3aa21fcafa6a185daa52ce47e0d01d') in 0.034846 seconds 
  Import took 0.041401 seconds .

========================================================================
Received Import Request.
  Time since last request: 0.000351 seconds.
  path: Assets/2D Forest Tileset Pack Toon Style/Day/Background Day/Mountains Far.png
  artifactKey: Guid(818bd1477b32f714d9d679dc6a645201) Importer(815301076,1909f56bfc062723c751e8b465ee728b)
Start importing Assets/2D Forest Tileset Pack Toon Style/Day/Background Day/Mountains Far.png using Guid(818bd1477b32f714d9d679dc6a645201) Importer(815301076,1909f56bfc062723c751e8b465ee728b)  -> (artifact id: 'e5f9e811bb0c1d53aef735c18ecbdc4a') in 0.023373 seconds 
  Import took 0.030940 seconds .

========================================================================
Received Import Request.
  Time since last request: 0.000223 seconds.
  path: Assets/2D Forest Tileset Pack Toon Style/Day/Background Day/Clouds Day_5.png
  artifactKey: Guid(3c1189ca40290404e9ed69b85c29f1fa) Importer(815301076,1909f56bfc062723c751e8b465ee728b)
Start importing Assets/2D Forest Tileset Pack Toon Style/Day/Background Day/Clouds Day_5.png using Guid(3c1189ca40290404e9ed69b85c29f1fa) Importer(815301076,1909f56bfc062723c751e8b465ee728b)  -> (artifact id: '1e12bc0f00de7424e75da35284da2ad1') in 0.024842 seconds 
  Import took 0.032300 seconds .

========================================================================
Received Import Request.
  Time since last request: 0.000182 seconds.
  path: Assets/2D Forest Tileset Pack Toon Style/Day/Background Day/Leafes Far.png
  artifactKey: Guid(69a74fd769119774f876c620c1119a5c) Importer(815301076,1909f56bfc062723c751e8b465ee728b)
Start importing Assets/2D Forest Tileset Pack Toon Style/Day/Background Day/Leafes Far.png using Guid(69a74fd769119774f876c620c1119a5c) Importer(815301076,1909f56bfc062723c751e8b465ee728b)  -> (artifact id: '9fcbfed1a77507e2d551b8da99552a51') in 0.030954 seconds 
  Import took 0.037367 seconds .

========================================================================
Received Import Request.
  Time since last request: 0.000176 seconds.
  path: Assets/2D Forest Tileset Pack Toon Style/Day/Background Day/Hills Middle.png
  artifactKey: Guid(5018927dc80a8654296821dd99110c5f) Importer(815301076,1909f56bfc062723c751e8b465ee728b)
Start importing Assets/2D Forest Tileset Pack Toon Style/Day/Background Day/Hills Middle.png using Guid(5018927dc80a8654296821dd99110c5f) Importer(815301076,1909f56bfc062723c751e8b465ee728b)  -> (artifact id: '210d92da34cb5d2ae468ed2b5e821842') in 0.028085 seconds 
  Import took 0.033989 seconds .

========================================================================
Received Import Request.
  Time since last request: 0.000146 seconds.
  path: Assets/2D Forest Tileset Pack Toon Style/Day/Background Day/Clouds Day_3.png
  artifactKey: Guid(c50f97e0c6a39be47995644d8182c316) Importer(815301076,1909f56bfc062723c751e8b465ee728b)
Start importing Assets/2D Forest Tileset Pack Toon Style/Day/Background Day/Clouds Day_3.png using Guid(c50f97e0c6a39be47995644d8182c316) Importer(815301076,1909f56bfc062723c751e8b465ee728b)  -> (artifact id: '78a4709aff0046ab74a8cec65d89c49f') in 0.029120 seconds 
  Import took 0.034548 seconds .

========================================================================
Received Import Request.
  Time since last request: 0.000170 seconds.
  path: Assets/2D Forest Tileset Pack Toon Style/Day/Background Day/Trees Middle.png
  artifactKey: Guid(69719ded04854e24fbd3a8f48e42a508) Importer(815301076,1909f56bfc062723c751e8b465ee728b)
Start importing Assets/2D Forest Tileset Pack Toon Style/Day/Background Day/Trees Middle.png using Guid(69719ded04854e24fbd3a8f48e42a508) Importer(815301076,1909f56bfc062723c751e8b465ee728b)  -> (artifact id: '2e1ce65ca93bc8cddb2412aa6ee7f6d0') in 0.028649 seconds 
  Import took 0.035423 seconds .

========================================================================
Received Import Request.
  Time since last request: 0.000293 seconds.
  path: Assets/2D Forest Tileset Pack Toon Style/Day/Background Day/Water Large.png
  artifactKey: Guid(23d89018f27b18d469d38ec57d8eca56) Importer(815301076,1909f56bfc062723c751e8b465ee728b)
Start importing Assets/2D Forest Tileset Pack Toon Style/Day/Background Day/Water Large.png using Guid(23d89018f27b18d469d38ec57d8eca56) Importer(815301076,1909f56bfc062723c751e8b465ee728b)  -> (artifact id: 'd80fe31567fae86299458c0967a89a6a') in 0.024698 seconds 
  Import took 0.032799 seconds .

========================================================================
Received Import Request.
  Time since last request: 0.000297 seconds.
  path: Assets/2D Forest Tileset Pack Toon Style/Day/Background Day/Mountains Close .png
  artifactKey: Guid(58010860b27c3d44db587533a412efd2) Importer(815301076,1909f56bfc062723c751e8b465ee728b)
Start importing Assets/2D Forest Tileset Pack Toon Style/Day/Background Day/Mountains Close .png using Guid(58010860b27c3d44db587533a412efd2) Importer(815301076,1909f56bfc062723c751e8b465ee728b)  -> (artifact id: 'a72987721474a77d68491ea1396e3655') in 0.023528 seconds 
  Import took 0.030760 seconds .

========================================================================
Received Import Request.
  Time since last request: 0.000194 seconds.
  path: Assets/2D Forest Tileset Pack Toon Style/Day/Background Day/Clouds Day_4.png
  artifactKey: Guid(f2857aefd6c4feb429830bf6b9be3d64) Importer(815301076,1909f56bfc062723c751e8b465ee728b)
Start importing Assets/2D Forest Tileset Pack Toon Style/Day/Background Day/Clouds Day_4.png using Guid(f2857aefd6c4feb429830bf6b9be3d64) Importer(815301076,1909f56bfc062723c751e8b465ee728b)  -> (artifact id: 'd8a0fbdac0cb657e4d4e7cddb107a12b') in 0.025079 seconds 
  Import took 0.032001 seconds .

========================================================================
Received Import Request.
  Time since last request: 0.000179 seconds.
  path: Assets/2D Forest Tileset Pack Toon Style/Day/Background Day/Hills CLose.png
  artifactKey: Guid(cf4447e4a46afd14e9e6c05869c42387) Importer(815301076,1909f56bfc062723c751e8b465ee728b)
Start importing Assets/2D Forest Tileset Pack Toon Style/Day/Background Day/Hills CLose.png using Guid(cf4447e4a46afd14e9e6c05869c42387) Importer(815301076,1909f56bfc062723c751e8b465ee728b)  -> (artifact id: '94c1aef8e647b1d0f89ac612a25a2cb5') in 0.028927 seconds 
  Import took 0.035418 seconds .

========================================================================
Received Import Request.
  Time since last request: 0.000179 seconds.
  path: Assets/2D Forest Tileset Pack Toon Style/Day/Background Day/Mountain MIddle_2.png
  artifactKey: Guid(4a94cde3865f1364d9f467f51cf3af14) Importer(815301076,1909f56bfc062723c751e8b465ee728b)
Start importing Assets/2D Forest Tileset Pack Toon Style/Day/Background Day/Mountain MIddle_2.png using Guid(4a94cde3865f1364d9f467f51cf3af14) Importer(815301076,1909f56bfc062723c751e8b465ee728b)  -> (artifact id: 'a5c3aa0836c4220f6ba71a1c0b3fbf53') in 0.058522 seconds 
  Import took 0.067621 seconds .

========================================================================
Received Import Request.
  Time since last request: 0.000154 seconds.
  path: Assets/2D Forest Tileset Pack Toon Style/Day/Background Day/Trees Close.png
  artifactKey: Guid(8243fa165170ba74ebfb4b6ce4af33b5) Importer(815301076,1909f56bfc062723c751e8b465ee728b)
Start importing Assets/2D Forest Tileset Pack Toon Style/Day/Background Day/Trees Close.png using Guid(8243fa165170ba74ebfb4b6ce4af33b5) Importer(815301076,1909f56bfc062723c751e8b465ee728b)  -> (artifact id: 'b3d8fa9731f6edca4398de0f57c57fa9') in 0.031419 seconds 
  Import took 0.037167 seconds .

========================================================================
Received Import Request.
  Time since last request: 0.000175 seconds.
  path: Assets/2D Forest Tileset Pack Toon Style/Day/Background Day/Mountain MIddle_1.png
  artifactKey: Guid(a318addd0deff7d42a421f16331bc54f) Importer(815301076,1909f56bfc062723c751e8b465ee728b)
Start importing Assets/2D Forest Tileset Pack Toon Style/Day/Background Day/Mountain MIddle_1.png using Guid(a318addd0deff7d42a421f16331bc54f) Importer(815301076,1909f56bfc062723c751e8b465ee728b)  -> (artifact id: '2e53febbbe665f7086a6eba3402489f4') in 0.055301 seconds 
  Import took 0.062475 seconds .

========================================================================
Received Import Request.
  Time since last request: 0.000185 seconds.
  path: Assets/2D Forest Tileset Pack Toon Style/Day/Background Day/Daylight sky.png
  artifactKey: Guid(cebd3f92ef898c74dba7f3064eacfded) Importer(815301076,1909f56bfc062723c751e8b465ee728b)
Start importing Assets/2D Forest Tileset Pack Toon Style/Day/Background Day/Daylight sky.png using Guid(cebd3f92ef898c74dba7f3064eacfded) Importer(815301076,1909f56bfc062723c751e8b465ee728b)  -> (artifact id: 'e74bd61c45e35477afcffb0f2efeb49a') in 0.030908 seconds 
  Import took 0.038229 seconds .

========================================================================
Received Import Request.
  Time since last request: 0.000217 seconds.
  path: Assets/2D Forest Tileset Pack Toon Style/Day/Background Day/Mountains MIddle.png
  artifactKey: Guid(d7d5969b61b86244b9f6c38ee2f968a3) Importer(815301076,1909f56bfc062723c751e8b465ee728b)
Start importing Assets/2D Forest Tileset Pack Toon Style/Day/Background Day/Mountains MIddle.png using Guid(d7d5969b61b86244b9f6c38ee2f968a3) Importer(815301076,1909f56bfc062723c751e8b465ee728b)  -> (artifact id: 'a9d33bd3ea979f596d8c26fd493a2498') in 0.020626 seconds 
  Import took 0.027611 seconds .

========================================================================
Received Import Request.
  Time since last request: 0.000499 seconds.
  path: Assets/2D Forest Tileset Pack Toon Style/Day/Background Day/Ground Close.png
  artifactKey: Guid(a89243217e543fe4588b733cf125e7c3) Importer(815301076,1909f56bfc062723c751e8b465ee728b)
Start importing Assets/2D Forest Tileset Pack Toon Style/Day/Background Day/Ground Close.png using Guid(a89243217e543fe4588b733cf125e7c3) Importer(815301076,1909f56bfc062723c751e8b465ee728b)  -> (artifact id: 'c254412e1653d1c78feb9d2cd83488e6') in 0.024240 seconds 
  Import took 0.030978 seconds .

========================================================================
Received Import Request.
  Time since last request: 0.000160 seconds.
  path: Assets/2D Forest Tileset Pack Toon Style/Day/Background Day/Ground Far.png
  artifactKey: Guid(b9e1988da310fbd4ea958a269e29fdeb) Importer(815301076,1909f56bfc062723c751e8b465ee728b)
Start importing Assets/2D Forest Tileset Pack Toon Style/Day/Background Day/Ground Far.png using Guid(b9e1988da310fbd4ea958a269e29fdeb) Importer(815301076,1909f56bfc062723c751e8b465ee728b)  -> (artifact id: 'e832199664fa1540774e867a2ef8e943') in 0.023293 seconds 
  Import took 0.031050 seconds .

========================================================================
Received Import Request.
  Time since last request: 0.000239 seconds.
  path: Assets/2D Forest Tileset Pack Toon Style/Day/Background Day/Leafes MIddle.png
  artifactKey: Guid(faa5ae786f55670458a921f5e9503e7e) Importer(815301076,1909f56bfc062723c751e8b465ee728b)
Start importing Assets/2D Forest Tileset Pack Toon Style/Day/Background Day/Leafes MIddle.png using Guid(faa5ae786f55670458a921f5e9503e7e) Importer(815301076,1909f56bfc062723c751e8b465ee728b)  -> (artifact id: '924bad92f8bf8599fdd5813569915a22') in 0.019491 seconds 
  Import took 0.027958 seconds .

========================================================================
Received Import Request.
  Time since last request: 0.000180 seconds.
  path: Assets/2D Forest Tileset Pack Toon Style/Day/Background Day/Hills Far.png
  artifactKey: Guid(5a90f7ba6785a4b44a2502c45e52e567) Importer(815301076,1909f56bfc062723c751e8b465ee728b)
Start importing Assets/2D Forest Tileset Pack Toon Style/Day/Background Day/Hills Far.png using Guid(5a90f7ba6785a4b44a2502c45e52e567) Importer(815301076,1909f56bfc062723c751e8b465ee728b)  -> (artifact id: '5193b0dcd7a1039c3f42bc0973da90c3') in 0.028532 seconds 
  Import took 0.034969 seconds .

========================================================================
Received Import Request.
  Time since last request: 6.721369 seconds.
  path: Assets/Images/coinsprite.png
  artifactKey: Guid(26d6786ed9293984d935872e4a45178e) Importer(815301076,1909f56bfc062723c751e8b465ee728b)
Start importing Assets/Images/coinsprite.png using Guid(26d6786ed9293984d935872e4a45178e) Importer(815301076,1909f56bfc062723c751e8b465ee728b)  -> (artifact id: 'b4633182f125c67053f446b91fe788bb') in 0.041919 seconds 
  Import took 0.049314 seconds .

========================================================================
Received Import Request.
  Time since last request: 11.039532 seconds.
  path: Assets/Pixel Adventure 1/Assets/Main Characters/Appearing (96x96).png
  artifactKey: Guid(3421078018dc3934a8c1ab3b7bf89aa0) Importer(815301076,1909f56bfc062723c751e8b465ee728b)
Start importing Assets/Pixel Adventure 1/Assets/Main Characters/Appearing (96x96).png using Guid(3421078018dc3934a8c1ab3b7bf89aa0) Importer(815301076,1909f56bfc062723c751e8b465ee728b)  -> (artifact id: 'c6fae951e90ad9bb98e2c62c86192bae') in 0.047971 seconds 
  Import took 0.055267 seconds .

========================================================================
Received Import Request.
  Time since last request: 0.000222 seconds.
  path: Assets/Pixel Adventure 1/Assets/Main Characters/Desappearing (96x96).png
  artifactKey: Guid(99e1beacf34e67c42afd2d344aefcc3c) Importer(815301076,1909f56bfc062723c751e8b465ee728b)
Start importing Assets/Pixel Adventure 1/Assets/Main Characters/Desappearing (96x96).png using Guid(99e1beacf34e67c42afd2d344aefcc3c) Importer(815301076,1909f56bfc062723c751e8b465ee728b)  -> (artifact id: 'a96c5d7a3010f05b8d1c59bceb1c8176') in 0.049433 seconds 
  Import took 0.056312 seconds .

========================================================================
Received Import Request.
  Time since last request: 1.790253 seconds.
  path: Assets/Pixel Adventure 1/Assets/Main Characters/Ninja Frog/Double Jump (32x32).png
  artifactKey: Guid(4099f676255555240b5240f897805dce) Importer(815301076,1909f56bfc062723c751e8b465ee728b)
Start importing Assets/Pixel Adventure 1/Assets/Main Characters/Ninja Frog/Double Jump (32x32).png using Guid(4099f676255555240b5240f897805dce) Importer(815301076,1909f56bfc062723c751e8b465ee728b)  -> (artifact id: '1b6fd907415735c4e2bb1575b048c538') in 0.041042 seconds 
  Import took 0.048139 seconds .

========================================================================
Received Import Request.
  Time since last request: 0.000218 seconds.
  path: Assets/Pixel Adventure 1/Assets/Main Characters/Ninja Frog/Run (32x32).png
  artifactKey: Guid(e362bc6a7c79fce4db16d145d43a5550) Importer(815301076,1909f56bfc062723c751e8b465ee728b)
Start importing Assets/Pixel Adventure 1/Assets/Main Characters/Ninja Frog/Run (32x32).png using Guid(e362bc6a7c79fce4db16d145d43a5550) Importer(815301076,1909f56bfc062723c751e8b465ee728b)  -> (artifact id: '8e5caf11091a64e5010411e565e55b8a') in 0.054772 seconds 
  Import took 0.062385 seconds .

========================================================================
Received Import Request.
  Time since last request: 0.000217 seconds.
  path: Assets/Pixel Adventure 1/Assets/Main Characters/Ninja Frog/Hit (32x32).png
  artifactKey: Guid(18a451ae5d817e04bbf3101eaed9466e) Importer(815301076,1909f56bfc062723c751e8b465ee728b)
Start importing Assets/Pixel Adventure 1/Assets/Main Characters/Ninja Frog/Hit (32x32).png using Guid(18a451ae5d817e04bbf3101eaed9466e) Importer(815301076,1909f56bfc062723c751e8b465ee728b)  -> (artifact id: 'c934e654094b3381bccd74a4d0eeb63a') in 0.050283 seconds 
  Import took 0.058103 seconds .

========================================================================
Received Import Request.
  Time since last request: 0.000216 seconds.
  path: Assets/Pixel Adventure 1/Assets/Main Characters/Ninja Frog/Jump (32x32).png
  artifactKey: Guid(4872bd1108769a946a6acb68dc156fcf) Importer(815301076,1909f56bfc062723c751e8b465ee728b)
Start importing Assets/Pixel Adventure 1/Assets/Main Characters/Ninja Frog/Jump (32x32).png using Guid(4872bd1108769a946a6acb68dc156fcf) Importer(815301076,1909f56bfc062723c751e8b465ee728b)  -> (artifact id: '9e8ea855cb4f961dcb8c1645c7a7e5ed') in 0.027926 seconds 
  Import took 0.034319 seconds .

========================================================================
Received Import Request.
  Time since last request: 0.000166 seconds.
  path: Assets/Pixel Adventure 1/Assets/Main Characters/Ninja Frog/Wall Jump (32x32).png
  artifactKey: Guid(3b332af1e6c55e94f8e5eb08fb4ab06b) Importer(815301076,1909f56bfc062723c751e8b465ee728b)
Start importing Assets/Pixel Adventure 1/Assets/Main Characters/Ninja Frog/Wall Jump (32x32).png using Guid(3b332af1e6c55e94f8e5eb08fb4ab06b) Importer(815301076,1909f56bfc062723c751e8b465ee728b)  -> (artifact id: '23c0c73fb8359510eb5111c3eee93813') in 0.038212 seconds 
  Import took 0.044028 seconds .

========================================================================
Received Import Request.
  Time since last request: 0.000192 seconds.
  path: Assets/Pixel Adventure 1/Assets/Main Characters/Ninja Frog/Fall (32x32).png
  artifactKey: Guid(b6d14bcb8d9dbb349beb9d3619096732) Importer(815301076,1909f56bfc062723c751e8b465ee728b)
Start importing Assets/Pixel Adventure 1/Assets/Main Characters/Ninja Frog/Fall (32x32).png using Guid(b6d14bcb8d9dbb349beb9d3619096732) Importer(815301076,1909f56bfc062723c751e8b465ee728b)  -> (artifact id: 'b9b98705ec95e7ff30eb74af28b5ecf5') in 0.023670 seconds 
  Import took 0.031381 seconds .

========================================================================
Received Import Request.
  Time since last request: 0.000188 seconds.
  path: Assets/Pixel Adventure 1/Assets/Main Characters/Ninja Frog/Idle (32x32).png
  artifactKey: Guid(cd947491a13509945aa1b644f9db3ef2) Importer(815301076,1909f56bfc062723c751e8b465ee728b)
Start importing Assets/Pixel Adventure 1/Assets/Main Characters/Ninja Frog/Idle (32x32).png using Guid(cd947491a13509945aa1b644f9db3ef2) Importer(815301076,1909f56bfc062723c751e8b465ee728b)  -> (artifact id: '51e5c7a9e10079a05711f09868559a6f') in 0.047752 seconds 
  Import took 0.054098 seconds .

========================================================================
Received Import Request.
  Time since last request: 1.665838 seconds.
  path: Assets/Pixel Adventure 1/Assets/Main Characters/Mask Dude/Double Jump (32x32).png
  artifactKey: Guid(241f742f0911c3a428eea6612ae23b77) Importer(815301076,1909f56bfc062723c751e8b465ee728b)
Start importing Assets/Pixel Adventure 1/Assets/Main Characters/Mask Dude/Double Jump (32x32).png using Guid(241f742f0911c3a428eea6612ae23b77) Importer(815301076,1909f56bfc062723c751e8b465ee728b)  -> (artifact id: 'b2814d106b821082cffcdf8650e4e7d9') in 0.036196 seconds 
  Import took 0.042621 seconds .

========================================================================
Received Import Request.
  Time since last request: 0.000280 seconds.
  path: Assets/Pixel Adventure 1/Assets/Main Characters/Mask Dude/Idle (32x32).png
  artifactKey: Guid(3750f45c844123341b9a777a96cb1eca) Importer(815301076,1909f56bfc062723c751e8b465ee728b)
Start importing Assets/Pixel Adventure 1/Assets/Main Characters/Mask Dude/Idle (32x32).png using Guid(3750f45c844123341b9a777a96cb1eca) Importer(815301076,1909f56bfc062723c751e8b465ee728b)  -> (artifact id: '6d2ed499f75d64d99f805602ab045810') in 0.051027 seconds 
  Import took 0.057790 seconds .

========================================================================
Received Import Request.
  Time since last request: 0.000355 seconds.
  path: Assets/Pixel Adventure 1/Assets/Main Characters/Mask Dude/Jump (32x32).png
  artifactKey: Guid(2d728ff08787c6640bbe4984c7ff018b) Importer(815301076,1909f56bfc062723c751e8b465ee728b)
Start importing Assets/Pixel Adventure 1/Assets/Main Characters/Mask Dude/Jump (32x32).png using Guid(2d728ff08787c6640bbe4984c7ff018b) Importer(815301076,1909f56bfc062723c751e8b465ee728b)  -> (artifact id: 'f2bcba4989cf3294c4f15b56fe2f9181') in 0.029243 seconds 
  Import took 0.035851 seconds .

========================================================================
Received Import Request.
  Time since last request: 0.000228 seconds.
  path: Assets/Pixel Adventure 1/Assets/Main Characters/Mask Dude/Wall Jump (32x32).png
  artifactKey: Guid(9b7e8d8d6e9ac904dba7f59ba8b11835) Importer(815301076,1909f56bfc062723c751e8b465ee728b)
Start importing Assets/Pixel Adventure 1/Assets/Main Characters/Mask Dude/Wall Jump (32x32).png using Guid(9b7e8d8d6e9ac904dba7f59ba8b11835) Importer(815301076,1909f56bfc062723c751e8b465ee728b)  -> (artifact id: 'a7e2f29680709b299cd5b7d8acdd1d0f') in 0.041842 seconds 
  Import took 0.047511 seconds .

========================================================================
Received Import Request.
  Time since last request: 0.000238 seconds.
  path: Assets/Pixel Adventure 1/Assets/Main Characters/Mask Dude/Run (32x32).png
  artifactKey: Guid(97d5ce53f3ac76e4888319c6a53c7ff3) Importer(815301076,1909f56bfc062723c751e8b465ee728b)
Start importing Assets/Pixel Adventure 1/Assets/Main Characters/Mask Dude/Run (32x32).png using Guid(97d5ce53f3ac76e4888319c6a53c7ff3) Importer(815301076,1909f56bfc062723c751e8b465ee728b)  -> (artifact id: '8f740acf7ba85c81876afe51902304f6') in 0.053710 seconds 
  Import took 0.060150 seconds .

========================================================================
Received Import Request.
  Time since last request: 0.000213 seconds.
  path: Assets/Pixel Adventure 1/Assets/Main Characters/Mask Dude/Fall (32x32).png
  artifactKey: Guid(88794fc5febd16e40a94cacbf542b65b) Importer(815301076,1909f56bfc062723c751e8b465ee728b)
Start importing Assets/Pixel Adventure 1/Assets/Main Characters/Mask Dude/Fall (32x32).png using Guid(88794fc5febd16e40a94cacbf542b65b) Importer(815301076,1909f56bfc062723c751e8b465ee728b)  -> (artifact id: 'b7c34365ce36487b4ab995e83783dd08') in 0.026491 seconds 
  Import took 0.033384 seconds .

========================================================================
Received Import Request.
  Time since last request: 0.000242 seconds.
  path: Assets/Pixel Adventure 1/Assets/Main Characters/Mask Dude/Hit (32x32).png
  artifactKey: Guid(b234dd527243d1042a19b2cf7ef17cd7) Importer(815301076,1909f56bfc062723c751e8b465ee728b)
Start importing Assets/Pixel Adventure 1/Assets/Main Characters/Mask Dude/Hit (32x32).png using Guid(b234dd527243d1042a19b2cf7ef17cd7) Importer(815301076,1909f56bfc062723c751e8b465ee728b)  -> (artifact id: '873213fcf5853cb09c4e7d03294ee0f1') in 0.043180 seconds 
  Import took 0.049113 seconds .

========================================================================
Received Import Request.
  Time since last request: 15.259859 seconds.
  path: Assets/Pixel Adventure 1/Assets/Other
  artifactKey: Guid(9b265bbeade4a16468dc117cf3b94dd9) Importer(815301076,1909f56bfc062723c751e8b465ee728b)
Start importing Assets/Pixel Adventure 1/Assets/Other using Guid(9b265bbeade4a16468dc117cf3b94dd9) Importer(815301076,1909f56bfc062723c751e8b465ee728b)  -> (artifact id: '6ff5f192209e7f89848b45ae38fed670') in 0.007112 seconds 
  Import took 0.014870 seconds .

========================================================================
Received Import Request.
  Time since last request: 0.052035 seconds.
  path: Assets/Pixel Adventure 1/Assets/Other/Confetti (16x16).png
  artifactKey: Guid(84e73c5fcbc3d324a9bebf3715abc565) Importer(815301076,1909f56bfc062723c751e8b465ee728b)
Start importing Assets/Pixel Adventure 1/Assets/Other/Confetti (16x16).png using Guid(84e73c5fcbc3d324a9bebf3715abc565) Importer(815301076,1909f56bfc062723c751e8b465ee728b)  -> (artifact id: '38838bbe37ea513ea615ac3508fd72ec') in 0.033277 seconds 
  Import took 0.040266 seconds .

========================================================================
Received Import Request.
  Time since last request: 0.000241 seconds.
  path: Assets/Pixel Adventure 1/Assets/Other/Dust Particle.png
  artifactKey: Guid(e7980a08b8e9f3c4bbe56762604cba98) Importer(815301076,1909f56bfc062723c751e8b465ee728b)
Start importing Assets/Pixel Adventure 1/Assets/Other/Dust Particle.png using Guid(e7980a08b8e9f3c4bbe56762604cba98) Importer(815301076,1909f56bfc062723c751e8b465ee728b)  -> (artifact id: 'fa7edd078794f27856b142d23f574779') in 0.026364 seconds 
  Import took 0.033101 seconds .

========================================================================
Received Import Request.
  Time since last request: 0.000177 seconds.
  path: Assets/Pixel Adventure 1/Assets/Other/Shadow.png
  artifactKey: Guid(38ea9af89efd60b4ab324ed5b168cb13) Importer(815301076,1909f56bfc062723c751e8b465ee728b)
Start importing Assets/Pixel Adventure 1/Assets/Other/Shadow.png using Guid(38ea9af89efd60b4ab324ed5b168cb13) Importer(815301076,1909f56bfc062723c751e8b465ee728b)  -> (artifact id: 'eead607a3c914654e0fd0d05cf8c934e') in 0.030999 seconds 
  Import took 0.036715 seconds .

========================================================================
Received Import Request.
  Time since last request: 0.000198 seconds.
  path: Assets/Pixel Adventure 1/Assets/Other/Transition.png
  artifactKey: Guid(af34cad9a50a94c42b0907fd58d6f99c) Importer(815301076,1909f56bfc062723c751e8b465ee728b)
Start importing Assets/Pixel Adventure 1/Assets/Other/Transition.png using Guid(af34cad9a50a94c42b0907fd58d6f99c) Importer(815301076,1909f56bfc062723c751e8b465ee728b)  -> (artifact id: 'e513250a6adbf9e51a3b5bd4ac428137') in 0.028428 seconds 
  Import took 0.034365 seconds .

========================================================================
Received Import Request.
  Time since last request: 2.616649 seconds.
  path: Assets/Pixel Adventure 1/Assets/Terrain/Terrain (16x16) 1.png
  artifactKey: Guid(413986c4a668c374d8de72a47621b531) Importer(815301076,1909f56bfc062723c751e8b465ee728b)
Start importing Assets/Pixel Adventure 1/Assets/Terrain/Terrain (16x16) 1.png using Guid(413986c4a668c374d8de72a47621b531) Importer(815301076,1909f56bfc062723c751e8b465ee728b)  -> (artifact id: 'f9f8f3f033bb591d412084a9c361e43e') in 0.029940 seconds 
  Import took 0.039130 seconds .

========================================================================
Received Import Request.
  Time since last request: 0.000230 seconds.
  path: Assets/Pixel Adventure 1/Assets/Terrain/Terrain Sliced (16x16).png
  artifactKey: Guid(fc584d329b77b9545b9c9c8bb829e553) Importer(815301076,1909f56bfc062723c751e8b465ee728b)
Start importing Assets/Pixel Adventure 1/Assets/Terrain/Terrain Sliced (16x16).png using Guid(fc584d329b77b9545b9c9c8bb829e553) Importer(815301076,1909f56bfc062723c751e8b465ee728b)  -> (artifact id: 'ff272508f0938ace58e48ae0cda71a12') in 0.397087 seconds 
  Import took 0.403788 seconds .

========================================================================
Received Import Request.
  Time since last request: 8.209585 seconds.
  path: Assets/Pixel Adventure 1/Assets/Traps/Arrow/Hit (18x18).png
  artifactKey: Guid(fc834c17a763e0141b0fec5d598e279b) Importer(815301076,1909f56bfc062723c751e8b465ee728b)
Start importing Assets/Pixel Adventure 1/Assets/Traps/Arrow/Hit (18x18).png using Guid(fc834c17a763e0141b0fec5d598e279b) Importer(815301076,1909f56bfc062723c751e8b465ee728b)  -> (artifact id: '913370d5c03fe20592b0ed0e5cf2d3a5') in 0.036112 seconds 
  Import took 0.043242 seconds .

========================================================================
Received Import Request.
  Time since last request: 0.000240 seconds.
  path: Assets/Pixel Adventure 1/Assets/Traps/Arrow/Idle (18x18).png
  artifactKey: Guid(f42176bbc0b84b54e83c161abc6eb071) Importer(815301076,1909f56bfc062723c751e8b465ee728b)
Start importing Assets/Pixel Adventure 1/Assets/Traps/Arrow/Idle (18x18).png using Guid(f42176bbc0b84b54e83c161abc6eb071) Importer(815301076,1909f56bfc062723c751e8b465ee728b)  -> (artifact id: '6a9d3cd81d84694647cc384c24f4f09c') in 0.069726 seconds 
  Import took 0.075889 seconds .

========================================================================
Received Import Request.
  Time since last request: 5.594612 seconds.
  path: Assets/Pixel Adventure 1/Assets/Traps/Spiked Ball/Chain.png
  artifactKey: Guid(8baedcc19bcfee347a8aef42935eac87) Importer(815301076,1909f56bfc062723c751e8b465ee728b)
Start importing Assets/Pixel Adventure 1/Assets/Traps/Spiked Ball/Chain.png using Guid(8baedcc19bcfee347a8aef42935eac87) Importer(815301076,1909f56bfc062723c751e8b465ee728b)  -> (artifact id: 'd6ffd52f6b1c7e3fd600f8c3165d1463') in 0.027334 seconds 
  Import took 0.036268 seconds .

========================================================================
Received Import Request.
  Time since last request: 0.000249 seconds.
  path: Assets/Pixel Adventure 1/Assets/Traps/Spiked Ball/Spiked Ball.png
  artifactKey: Guid(60e5d93de53da5642a38fce5925c3efa) Importer(815301076,1909f56bfc062723c751e8b465ee728b)
Start importing Assets/Pixel Adventure 1/Assets/Traps/Spiked Ball/Spiked Ball.png using Guid(60e5d93de53da5642a38fce5925c3efa) Importer(815301076,1909f56bfc062723c751e8b465ee728b)  -> (artifact id: '1a3c99f901c4dd3707889052f78994a8') in 0.031072 seconds 
  Import took 0.036979 seconds .

========================================================================
Received Import Request.
  Time since last request: 2.615588 seconds.
  path: Assets/Pixel Adventure 1/Assets/Traps/Spike Head/Blink (54x52).png
  artifactKey: Guid(6ed38972fd0f4024c91aca33394d3cdd) Importer(815301076,1909f56bfc062723c751e8b465ee728b)
Start importing Assets/Pixel Adventure 1/Assets/Traps/Spike Head/Blink (54x52).png using Guid(6ed38972fd0f4024c91aca33394d3cdd) Importer(815301076,1909f56bfc062723c751e8b465ee728b)  -> (artifact id: 'b4cf33e11408658bf7d3f5f0c73cf69c') in 0.037868 seconds 
  Import took 0.046604 seconds .

========================================================================
Received Import Request.
  Time since last request: 0.000211 seconds.
  path: Assets/Pixel Adventure 1/Assets/Traps/Spike Head/Top Hit (54x52).png
  artifactKey: Guid(8123182af98fb8147a7d6e6bf458ba4b) Importer(815301076,1909f56bfc062723c751e8b465ee728b)
Start importing Assets/Pixel Adventure 1/Assets/Traps/Spike Head/Top Hit (54x52).png using Guid(8123182af98fb8147a7d6e6bf458ba4b) Importer(815301076,1909f56bfc062723c751e8b465ee728b)  -> (artifact id: '80b35bf17b95f8d293bb38dc8a78002f') in 0.035617 seconds 
  Import took 0.043113 seconds .

========================================================================
Received Import Request.
  Time since last request: 0.000298 seconds.
  path: Assets/Pixel Adventure 1/Assets/Traps/Spike Head/Bottom Hit (54x52).png
  artifactKey: Guid(d2223d6a7816d474b83187392732daf6) Importer(815301076,1909f56bfc062723c751e8b465ee728b)
Start importing Assets/Pixel Adventure 1/Assets/Traps/Spike Head/Bottom Hit (54x52).png using Guid(d2223d6a7816d474b83187392732daf6) Importer(815301076,1909f56bfc062723c751e8b465ee728b)  -> (artifact id: '1a01ea188840d4849b339e45e672c432') in 0.037792 seconds 
  Import took 0.044156 seconds .

========================================================================
Received Import Request.
  Time since last request: 0.000205 seconds.
  path: Assets/Pixel Adventure 1/Assets/Traps/Spike Head/Right Hit (54x52).png
  artifactKey: Guid(75b1a2f7cb6173c4d826963a35f18512) Importer(815301076,1909f56bfc062723c751e8b465ee728b)
Start importing Assets/Pixel Adventure 1/Assets/Traps/Spike Head/Right Hit (54x52).png using Guid(75b1a2f7cb6173c4d826963a35f18512) Importer(815301076,1909f56bfc062723c751e8b465ee728b)  -> (artifact id: '68bc34351542f3c155def7fd7a7141f0') in 0.036019 seconds 
  Import took 0.042693 seconds .

========================================================================
Received Import Request.
  Time since last request: 0.000228 seconds.
  path: Assets/Pixel Adventure 1/Assets/Traps/Spike Head/Left Hit (54x52).png
  artifactKey: Guid(680c4a3e214ba5b4d984cd56b1d49668) Importer(815301076,1909f56bfc062723c751e8b465ee728b)
Start importing Assets/Pixel Adventure 1/Assets/Traps/Spike Head/Left Hit (54x52).png using Guid(680c4a3e214ba5b4d984cd56b1d49668) Importer(815301076,1909f56bfc062723c751e8b465ee728b)  -> (artifact id: '42de77f1d05e3484f156e0519792ff9f') in 0.035944 seconds 
  Import took 0.042796 seconds .

========================================================================
Received Import Request.
  Time since last request: 0.000207 seconds.
  path: Assets/Pixel Adventure 1/Assets/Traps/Spike Head/Idle.png
  artifactKey: Guid(1508ab85aab80754fb0213cd79267961) Importer(815301076,1909f56bfc062723c751e8b465ee728b)
Start importing Assets/Pixel Adventure 1/Assets/Traps/Spike Head/Idle.png using Guid(1508ab85aab80754fb0213cd79267961) Importer(815301076,1909f56bfc062723c751e8b465ee728b)  -> (artifact id: '31724408b58a98e6a485d43bd4aa67cd') in 0.025206 seconds 
  Import took 0.033280 seconds .

========================================================================
Received Prepare
Registering precompiled user dll's ...
Registered in 0.004393 seconds.
Begin MonoManager ReloadAssembly
Native extension for WindowsStandalone target not found
Refreshing native plugins compatible for Editor in 0.74 ms, found 3 plugins.
Preloading 0 native plugins for Editor in 0.00 ms.
Mono: successfully reloaded assembly
- Completed reload, in  1.197 seconds
Domain Reload Profiling:
	ReloadAssembly (1198ms)
		BeginReloadAssembly (150ms)
			ExecutionOrderSort (0ms)
			DisableScriptedObjects (9ms)
			BackupInstance (0ms)
			ReleaseScriptingObjects (0ms)
			CreateAndSetChildDomain (42ms)
		EndReloadAssembly (986ms)
			LoadAssemblies (105ms)
			RebuildTransferFunctionScriptingTraits (0ms)
			SetupTypeCache (367ms)
			ReleaseScriptCaches (2ms)
			RebuildScriptCaches (51ms)
			SetupLoadedEditorAssemblies (308ms)
				LogAssemblyErrors (0ms)
				InitializePlatformSupportModulesInManaged (4ms)
				SetLoadedEditorAssemblies (1ms)
				RefreshPlugins (1ms)
				BeforeProcessingInitializeOnLoad (76ms)
				ProcessInitializeOnLoadAttributes (210ms)
				ProcessInitializeOnLoadMethodAttributes (12ms)
				AfterProcessingInitializeOnLoad (5ms)
				EditorAssembliesLoaded (0ms)
			ExecutionOrderSort2 (0ms)
			AwakeInstancesAfterBackupRestoration (22ms)
Platform modules already initialized, skipping
Refreshing native plugins compatible for Editor in 0.74 ms, found 3 plugins.
Preloading 0 native plugins for Editor in 0.00 ms.
Unloading 3239 Unused Serialized files (Serialized files now loaded: 0)
System memory in use before: 142.0 MB.
System memory in use after: 142.3 MB.

Unloading 18 unused Assets to reduce memory usage. Loaded Objects now: 3950.
Total: 4.017800 ms (FindLiveObjects: 0.327900 ms CreateObjectMapping: 0.138600 ms MarkObjects: 3.494000 ms  DeleteObjects: 0.056300 ms)

AssetImportParameters requested are different than current active one (requested -> active):
  custom:framework-win-MediaFoundation: 216162199b28c13a410421893ffa2e32 -> 
  custom:video-decoder-ogg-theora: a1e56fd34408186e4bbccfd4996cb3dc -> 
  custom:container-muxer-webm: aa71ff27fc2769a1b78a27578f13a17b -> 
  custom:container-demuxer-webm: 4f35f7cbe854078d1ac9338744f61a02 -> 
  custom:container-demuxer-ogg: 62fdf1f143b41e24485cea50d1cbac27 -> 
  custom:video-encoder-webm-vp8: eb34c28f22e8b96e1ab97ce403110664 -> 
  custom:video-decoder-webm-vp8: 9c59270c3fd7afecdb556c50c9e8de78 -> 
  custom:audio-decoder-ogg-vorbis: bf7c407c2cedff20999df2af8eb42d56 -> 
  custom:audio-encoder-webm-vorbis: bf7c407c2cedff20999df2af8eb42d56 -> 
========================================================================
Received Prepare
Registering precompiled user dll's ...
Registered in 0.004002 seconds.
Begin MonoManager ReloadAssembly
Native extension for WindowsStandalone target not found
Refreshing native plugins compatible for Editor in 0.83 ms, found 3 plugins.
Preloading 0 native plugins for Editor in 0.00 ms.
Mono: successfully reloaded assembly
- Completed reload, in  1.143 seconds
Domain Reload Profiling:
	ReloadAssembly (1144ms)
		BeginReloadAssembly (127ms)
			ExecutionOrderSort (0ms)
			DisableScriptedObjects (7ms)
			BackupInstance (0ms)
			ReleaseScriptingObjects (0ms)
			CreateAndSetChildDomain (39ms)
		EndReloadAssembly (957ms)
			LoadAssemblies (99ms)
			RebuildTransferFunctionScriptingTraits (0ms)
			SetupTypeCache (344ms)
			ReleaseScriptCaches (2ms)
			RebuildScriptCaches (51ms)
			SetupLoadedEditorAssemblies (308ms)
				LogAssemblyErrors (0ms)
				InitializePlatformSupportModulesInManaged (4ms)
				SetLoadedEditorAssemblies (1ms)
				RefreshPlugins (1ms)
				BeforeProcessingInitializeOnLoad (74ms)
				ProcessInitializeOnLoadAttributes (212ms)
				ProcessInitializeOnLoadMethodAttributes (12ms)
				AfterProcessingInitializeOnLoad (5ms)
				EditorAssembliesLoaded (0ms)
			ExecutionOrderSort2 (0ms)
			AwakeInstancesAfterBackupRestoration (19ms)
Platform modules already initialized, skipping
Refreshing native plugins compatible for Editor in 0.89 ms, found 3 plugins.
Preloading 0 native plugins for Editor in 0.00 ms.
Unloading 3239 Unused Serialized files (Serialized files now loaded: 0)
System memory in use before: 142.1 MB.
System memory in use after: 142.3 MB.

Unloading 18 unused Assets to reduce memory usage. Loaded Objects now: 3952.
Total: 3.827400 ms (FindLiveObjects: 0.368400 ms CreateObjectMapping: 0.221500 ms MarkObjects: 3.217700 ms  DeleteObjects: 0.018900 ms)

AssetImportParameters requested are different than current active one (requested -> active):
  custom:framework-win-MediaFoundation: 216162199b28c13a410421893ffa2e32 -> 
  custom:video-decoder-ogg-theora: a1e56fd34408186e4bbccfd4996cb3dc -> 
  custom:container-muxer-webm: aa71ff27fc2769a1b78a27578f13a17b -> 
  custom:container-demuxer-webm: 4f35f7cbe854078d1ac9338744f61a02 -> 
  custom:container-demuxer-ogg: 62fdf1f143b41e24485cea50d1cbac27 -> 
  custom:video-encoder-webm-vp8: eb34c28f22e8b96e1ab97ce403110664 -> 
  custom:video-decoder-webm-vp8: 9c59270c3fd7afecdb556c50c9e8de78 -> 
  custom:audio-decoder-ogg-vorbis: bf7c407c2cedff20999df2af8eb42d56 -> 
  custom:audio-encoder-webm-vorbis: bf7c407c2cedff20999df2af8eb42d56 -> 
AssetImportWorkerClient::OnTransportError - code=2 error=End of file
